\BOOKMARK [0][-]{chapter.1}{\376\377\000G\000e\000n\000e\000r\000a\000l}{}% 1
\BOOKMARK [1][-]{section.1.1}{\376\377\000P\000u\000r\000p\000o\000s\000e}{chapter.1}% 2
\BOOKMARK [1][-]{section.1.2}{\376\377\000D\000e\000s\000c\000r\000i\000p\000t\000i\000o\000n\000\040\000o\000f\000\040\000O\000p\000e\000r\000a\000t\000i\000o\000n}{chapter.1}% 3
\BOOKMARK [1][-]{section.1.3}{\376\377\000A\000p\000p\000l\000i\000c\000a\000b\000i\000l\000i\000t\000y}{chapter.1}% 4
\BOOKMARK [1][-]{section.1.4}{\376\377\000P\000r\000o\000p\000o\000n\000e\000n\000t\000\040\000a\000n\000d\000\040\000A\000u\000t\000h\000o\000r\000i\000t\000y}{chapter.1}% 5
\BOOKMARK [0][-]{chapter.2}{\376\377\000R\000o\000l\000e\000s\000\040\000a\000n\000d\000\040\000R\000e\000s\000p\000o\000n\000s\000i\000b\000i\000l\000i\000t\000i\000e\000s}{}% 6
\BOOKMARK [1][-]{section.2.1}{\376\377\000P\000e\000r\000m\000a\000n\000e\000n\000t\000\040\000/\000\040\000A\000p\000p\000o\000i\000n\000t\000e\000d\000\040\000P\000o\000s\000i\000t\000i\000o\000n\000s}{chapter.2}% 7
\BOOKMARK [2][-]{subsection.2.1.1}{\376\377\000H\000o\000s\000p\000i\000t\000a\000l\000\040\000C\000o\000m\000m\000a\000n\000d\000e\000r}{section.2.1}% 8
\BOOKMARK [2][-]{subsection.2.1.2}{\376\377\000P\000r\000o\000j\000e\000c\000t\000\040\000M\000A\000R\000S\000\040\000O\000I\000C}{section.2.1}% 9
\BOOKMARK [2][-]{subsection.2.1.3}{\376\377\000P\000r\000o\000j\000e\000c\000t\000\040\000M\000A\000R\000S\000\040\000N\000C\000O\000I\000C}{section.2.1}% 10
\BOOKMARK [2][-]{subsection.2.1.4}{\376\377\000L\000e\000a\000d\000\040\000O\000p\000e\000r\000a\000t\000o\000r}{section.2.1}% 11
\BOOKMARK [2][-]{subsection.2.1.5}{\376\377\000P\000r\000o\000j\000e\000c\000t\000\040\000M\000A\000R\000S\000\040\000T\000e\000c\000h\000n\000i\000c\000a\000l\000\040\000L\000e\000a\000d}{section.2.1}% 12
\BOOKMARK [2][-]{subsection.2.1.6}{\376\377\000M\000a\000i\000n\000t\000e\000n\000a\000n\000c\000e\000\040\000T\000e\000c\000h\000n\000i\000c\000i\000a\000n}{section.2.1}% 13
\BOOKMARK [1][-]{section.2.2}{\376\377\000S\000i\000t\000u\000a\000t\000i\000o\000n\000a\000l\000\040\000P\000o\000s\000i\000t\000i\000o\000n\000s}{chapter.2}% 14
\BOOKMARK [2][-]{subsection.2.2.1}{\376\377\000R\000e\000m\000o\000t\000e\000\040\000P\000i\000l\000o\000t\000\040\000i\000n\000\040\000C\000h\000a\000r\000g\000e}{section.2.2}% 15
\BOOKMARK [2][-]{subsection.2.2.2}{\376\377\000C\000r\000e\000w\000m\000e\000m\000b\000e\000r}{section.2.2}% 16
\BOOKMARK [2][-]{subsection.2.2.3}{\376\377\000V\000i\000s\000u\000a\000l\000\040\000O\000b\000s\000e\000r\000v\000e\000r}{section.2.2}% 17
\BOOKMARK [0][-]{chapter.3}{\376\377\000A\000i\000r\000f\000r\000a\000m\000e\000s\000\040\000\046\000\040\000S\000u\000p\000p\000o\000r\000t\000i\000n\000g\000\040\000S\000y\000s\000t\000e\000m\000s}{}% 18
\BOOKMARK [1][-]{section.3.1}{\376\377\000U\000A\000S\000\040\000O\000p\000e\000r\000a\000t\000i\000o\000n\000a\000l\000\040\000A\000p\000p\000r\000o\000v\000a\000l}{chapter.3}% 19
\BOOKMARK [1][-]{section.3.2}{\376\377\000C\000o\000n\000f\000i\000g\000u\000r\000a\000t\000i\000o\000n\000\040\000M\000a\000n\000a\000g\000e\000m\000e\000n\000t\000\040\000a\000n\000d\000\040\000D\000o\000c\000u\000m\000e\000n\000t\000a\000t\000i\000o\000n}{chapter.3}% 20
\BOOKMARK [1][-]{section.3.3}{\376\377\000S\000y\000s\000t\000e\000m\000\040\000S\000p\000e\000c\000i\000f\000i\000c\000a\000t\000i\000o\000n\000s}{chapter.3}% 21
\BOOKMARK [2][-]{subsection.3.3.1}{\376\377\000A\000i\000r\000f\000r\000a\000m\000e\000\040\000P\000e\000r\000f\000o\000r\000m\000a\000n\000c\000e}{section.3.3}% 22
\BOOKMARK [2][-]{subsection.3.3.2}{\376\377\000C\0002\000\040\000S\000y\000s\000t\000e\000m\000s}{section.3.3}% 23
\BOOKMARK [2][-]{subsection.3.3.3}{\376\377\000B\000V\000L\000O\000S\000\040\000S\000y\000s\000t\000e\000m\000s}{section.3.3}% 24
\BOOKMARK [1][-]{section.3.4}{\376\377\000C\000a\000r\000g\000o\000\040\000A\000p\000p\000r\000o\000v\000e\000d\000\040\000f\000o\000r\000\040\000F\000l\000i\000g\000h\000t}{chapter.3}% 25
\BOOKMARK [1][-]{section.3.5}{\376\377\000G\000C\000S\000\040\000a\000n\000d\000\040\000S\000o\000f\000t\000w\000a\000r\000e}{chapter.3}% 26
\BOOKMARK [0][-]{chapter.4}{\376\377\000A\000i\000r\000c\000r\000e\000w\000\040\000C\000e\000r\000t\000i\000f\000i\000c\000a\000t\000i\000o\000n\000,\000\040\000T\000r\000a\000i\000n\000i\000n\000g\000,\000\040\000a\000n\000d\000\040\000C\000u\000r\000r\000e\000n\000c\000y}{}% 27
\BOOKMARK [1][-]{section.4.1}{\376\377\000A\000i\000r\000c\000r\000e\000w\000\040\000Q\000u\000a\000l\000i\000f\000i\000c\000a\000t\000i\000o\000n\000\040\000F\000r\000a\000m\000e\000w\000o\000r\000k}{chapter.4}% 28
\BOOKMARK [1][-]{section.4.2}{\376\377\000R\000e\000q\000u\000i\000r\000e\000m\000e\000n\000t\000s\000\040\000f\000o\000r\000\040\000A\000l\000l\000\040\000A\000i\000r\000c\000r\000e\000w\000\040\000P\000e\000r\000s\000o\000n\000n\000e\000l}{chapter.4}% 29
\BOOKMARK [1][-]{section.4.3}{\376\377\000A\000u\000t\000o\000n\000o\000m\000o\000u\000s\000\040\000O\000p\000e\000r\000a\000t\000o\000r\000\040\000Q\000u\000a\000l\000i\000f\000i\000c\000a\000t\000i\000o\000n}{chapter.4}% 30
\BOOKMARK [1][-]{section.4.4}{\376\377\000Q\000u\000a\000l\000i\000f\000i\000e\000d\000\040\000P\000i\000l\000o\000t\000\040\000Q\000u\000a\000l\000i\000f\000i\000c\000a\000t\000i\000o\000n}{chapter.4}% 31
\BOOKMARK [1][-]{section.4.5}{\376\377\000E\000x\000p\000e\000r\000t\000\040\000O\000p\000e\000r\000a\000t\000o\000r\000\040\000Q\000u\000a\000l\000i\000f\000i\000c\000a\000t\000i\000o\000n}{chapter.4}% 32
\BOOKMARK [1][-]{section.4.6}{\376\377\000C\000u\000r\000r\000e\000n\000c\000y\000\040\000a\000n\000d\000\040\000R\000e\000c\000u\000r\000r\000e\000n\000c\000y\000\040\000R\000e\000q\000u\000i\000r\000e\000m\000e\000n\000t\000s}{chapter.4}% 33
\BOOKMARK [0][-]{chapter.5}{\376\377\000F\000l\000i\000g\000h\000t\000\040\000O\000p\000e\000r\000a\000t\000i\000o\000n\000s}{}% 34
\BOOKMARK [1][-]{section.5.1}{\376\377\000G\000r\000o\000u\000n\000d\000\040\000O\000p\000e\000r\000a\000t\000i\000o\000n\000s}{chapter.5}% 35
\BOOKMARK [2][-]{subsection.5.1.1}{\376\377\000L\000a\000u\000n\000c\000h\000\040\000a\000n\000d\000\040\000L\000a\000n\000d\000i\000n\000g\000\040\000Z\000o\000n\000e\000\040\000S\000e\000t\000u\000p}{section.5.1}% 36
\BOOKMARK [2][-]{subsection.5.1.2}{\376\377\000G\000r\000o\000u\000n\000d\000\040\000C\000o\000n\000t\000r\000o\000l\000\040\000S\000t\000a\000t\000i\000o\000n\000\040\000S\000e\000t\000u\000p}{section.5.1}% 37
\BOOKMARK [2][-]{subsection.5.1.3}{\376\377\000P\000a\000y\000l\000o\000a\000d\000\040\000H\000a\000n\000d\000l\000i\000n\000g}{section.5.1}% 38
\BOOKMARK [2][-]{subsection.5.1.4}{\376\377\000S\000i\000t\000e\000\040\000S\000e\000c\000u\000r\000i\000t\000y}{section.5.1}% 39
\BOOKMARK [1][-]{section.5.2}{\376\377\000F\000l\000i\000g\000h\000t\000\040\000S\000c\000h\000e\000d\000u\000l\000i\000n\000g}{chapter.5}% 40
\BOOKMARK [2][-]{subsection.5.2.1}{\376\377\000W\000e\000e\000k\000l\000y\000\040\000S\000c\000h\000e\000d\000u\000l\000i\000n\000g\000\040\000P\000r\000o\000c\000e\000s\000s}{section.5.2}% 41
\BOOKMARK [2][-]{subsection.5.2.2}{\376\377\000R\000e\000q\000u\000i\000r\000e\000d\000\040\000C\000o\000o\000r\000d\000i\000n\000a\000t\000i\000o\000n}{section.5.2}% 42
\BOOKMARK [1][-]{section.5.3}{\376\377\000B\000r\000i\000e\000f\000i\000n\000g\000s\000\040\000a\000n\000d\000\040\000R\000i\000s\000k\000\040\000M\000a\000n\000a\000g\000e\000m\000e\000n\000t}{chapter.5}% 43
\BOOKMARK [2][-]{subsection.5.3.1}{\376\377\000W\000e\000e\000k\000l\000y\000\040\000L\000e\000a\000d\000e\000r\000s\000h\000i\000p\000\040\000B\000r\000i\000e\000f}{section.5.3}% 44
\BOOKMARK [2][-]{subsection.5.3.2}{\376\377\000M\000i\000s\000s\000i\000o\000n\000\040\000B\000r\000i\000e\000f}{section.5.3}% 45
\BOOKMARK [2][-]{subsection.5.3.3}{\376\377\000C\000r\000e\000w\000\040\000B\000r\000i\000e\000f}{section.5.3}% 46
\BOOKMARK [2][-]{subsection.5.3.4}{\376\377\000C\000o\000m\000p\000o\000s\000i\000t\000e\000\040\000R\000i\000s\000k\000\040\000M\000a\000n\000a\000g\000e\000m\000e\000n\000t}{section.5.3}% 47
\BOOKMARK [1][-]{section.5.4}{\376\377\000W\000e\000a\000t\000h\000e\000r\000\040\000C\000o\000n\000s\000i\000d\000e\000r\000a\000t\000i\000o\000n\000s}{chapter.5}% 48
\BOOKMARK [2][-]{subsection.5.4.1}{\376\377\000W\000e\000a\000t\000h\000e\000r\000\040\000M\000i\000n\000i\000m\000u\000m\000s}{section.5.4}% 49
\BOOKMARK [2][-]{subsection.5.4.2}{\376\377\000G\000o\000/\000N\000o\000-\000G\000o\000\040\000C\000r\000i\000t\000e\000r\000i\000a}{section.5.4}% 50
\BOOKMARK [2][-]{subsection.5.4.3}{\376\377\000W\000e\000a\000t\000h\000e\000r\000\040\000D\000e\000c\000i\000s\000i\000o\000n\000\040\000A\000u\000t\000h\000o\000r\000i\000t\000y}{section.5.4}% 51
\BOOKMARK [2][-]{subsection.5.4.4}{\376\377\000W\000e\000a\000t\000h\000e\000r\000\040\000H\000o\000l\000d\000\040\000P\000r\000o\000c\000e\000d\000u\000r\000e\000s}{section.5.4}% 52
\BOOKMARK [1][-]{section.5.5}{\376\377\000C\000r\000e\000w\000\040\000C\000o\000o\000r\000d\000i\000n\000a\000t\000i\000o\000n}{chapter.5}% 53
\BOOKMARK [2][-]{subsection.5.5.1}{\376\377\000V\000L\000O\000S\000\040\000O\000p\000e\000r\000a\000t\000i\000o\000n\000s\000\040\000C\000r\000e\000w}{section.5.5}% 54
\BOOKMARK [2][-]{subsection.5.5.2}{\376\377\000B\000V\000L\000O\000S\000\040\000O\000p\000e\000r\000a\000t\000i\000o\000n\000s\000\040\000C\000r\000e\000w}{section.5.5}% 55
\BOOKMARK [2][-]{subsection.5.5.3}{\376\377\000C\000o\000m\000m\000u\000n\000i\000c\000a\000t\000i\000o\000n\000\040\000P\000r\000o\000t\000o\000c\000o\000l\000s}{section.5.5}% 56
\BOOKMARK [2][-]{subsection.5.5.4}{\376\377\000H\000a\000n\000d\000o\000f\000f\000\040\000P\000r\000o\000c\000e\000d\000u\000r\000e\000s}{section.5.5}% 57
\BOOKMARK [1][-]{section.5.6}{\376\377\000T\000y\000p\000e\000s\000\040\000o\000f\000\040\000O\000p\000e\000r\000a\000t\000i\000o\000n\000s}{chapter.5}% 58
\BOOKMARK [2][-]{subsection.5.6.1}{\376\377\000R\000o\000u\000t\000i\000n\000e\000\040\000S\000c\000h\000e\000d\000u\000l\000e\000d\000\040\000D\000e\000l\000i\000v\000e\000r\000y}{section.5.6}% 59
\BOOKMARK [2][-]{subsection.5.6.2}{\376\377\000O\000n\000-\000D\000e\000m\000a\000n\000d\000\040\000/\000\040\000E\000m\000e\000r\000g\000e\000n\000c\000y\000\040\000R\000e\000s\000p\000o\000n\000s\000e\000\040\000D\000e\000l\000i\000v\000e\000r\000y}{section.5.6}% 60
\BOOKMARK [2][-]{subsection.5.6.3}{\376\377\000D\000e\000v\000e\000l\000o\000p\000m\000e\000n\000t\000,\000\040\000T\000e\000s\000t\000i\000n\000g\000,\000\040\000a\000n\000d\000\040\000E\000v\000a\000l\000u\000a\000t\000i\000o\000n\000\040\000F\000l\000i\000g\000h\000t\000s}{section.5.6}% 61
\BOOKMARK [2][-]{subsection.5.6.4}{\376\377\000T\000r\000a\000i\000n\000i\000n\000g\000\040\000F\000l\000i\000g\000h\000t\000s}{section.5.6}% 62
\BOOKMARK [1][-]{section.5.7}{\376\377\000A\000i\000r\000\040\000C\000o\000r\000r\000i\000d\000o\000r\000\040\000a\000n\000d\000\040\000R\000o\000u\000t\000e\000\040\000M\000a\000n\000a\000g\000e\000m\000e\000n\000t}{chapter.5}% 63
\BOOKMARK [2][-]{subsection.5.7.1}{\376\377\000R\000o\000u\000t\000e\000\040\000D\000e\000v\000e\000l\000o\000p\000m\000e\000n\000t}{section.5.7}% 64
\BOOKMARK [2][-]{subsection.5.7.2}{\376\377\000P\000r\000i\000m\000a\000r\000y\000,\000\040\000A\000l\000t\000e\000r\000n\000a\000t\000e\000,\000\040\000a\000n\000d\000\040\000C\000o\000n\000t\000i\000n\000g\000e\000n\000c\000y\000\040\000R\000o\000u\000t\000e\000s}{section.5.7}% 65
\BOOKMARK [2][-]{subsection.5.7.3}{\376\377\000S\000a\000f\000e\000\040\000A\000b\000o\000r\000t\000\040\000A\000r\000e\000a\000s}{section.5.7}% 66
\BOOKMARK [2][-]{subsection.5.7.4}{\376\377\000G\000e\000o\000f\000e\000n\000c\000i\000n\000g\000\040\000a\000n\000d\000\040\000C\000o\000r\000r\000i\000d\000o\000r\000\040\000B\000o\000u\000n\000d\000a\000r\000i\000e\000s}{section.5.7}% 67
\BOOKMARK [1][-]{section.5.8}{\376\377\000M\000i\000s\000s\000i\000o\000n\000\040\000P\000l\000a\000n\000n\000i\000n\000g\000\040\000a\000n\000d\000\040\000A\000p\000p\000r\000o\000v\000a\000l\000\040\000C\000y\000c\000l\000e}{chapter.5}% 68
\BOOKMARK [2][-]{subsection.5.8.1}{\376\377\000A\000p\000p\000r\000o\000v\000a\000l\000\040\000A\000u\000t\000h\000o\000r\000i\000t\000y\000\040\000M\000a\000t\000r\000i\000x}{section.5.8}% 69
\BOOKMARK [2][-]{subsection.5.8.2}{\376\377\000W\000e\000e\000k\000l\000y\000\040\000P\000l\000a\000n\000n\000i\000n\000g\000\040\000C\000y\000c\000l\000e}{section.5.8}% 70
\BOOKMARK [2][-]{subsection.5.8.3}{\376\377\000M\000i\000s\000s\000i\000o\000n\000-\000S\000p\000e\000c\000i\000f\000i\000c\000\040\000A\000p\000p\000r\000o\000v\000a\000l\000s}{section.5.8}% 71
\BOOKMARK [1][-]{section.5.9}{\376\377\000F\000l\000i\000g\000h\000t\000\040\000P\000r\000o\000c\000e\000d\000u\000r\000e\000s}{chapter.5}% 72
\BOOKMARK [2][-]{subsection.5.9.1}{\376\377\000P\000r\000e\000-\000F\000l\000i\000g\000h\000t\000\040\000P\000r\000o\000c\000e\000d\000u\000r\000e\000s}{section.5.9}% 73
\BOOKMARK [2][-]{subsection.5.9.2}{\376\377\000P\000r\000o\000c\000e\000d\000u\000r\000e\000s\000\040\000D\000u\000r\000i\000n\000g\000\040\000F\000l\000i\000g\000h\000t}{section.5.9}% 74
\BOOKMARK [2][-]{subsection.5.9.3}{\376\377\000P\000o\000s\000t\000-\000F\000l\000i\000g\000h\000t\000\040\000P\000r\000o\000c\000e\000d\000u\000r\000e\000s}{section.5.9}% 75
\BOOKMARK [1][-]{section.5.10}{\376\377\000D\000a\000t\000a\000\040\000M\000a\000n\000a\000g\000e\000m\000e\000n\000t}{chapter.5}% 76
\BOOKMARK [2][-]{subsection.5.10.1}{\376\377\000R\000e\000q\000u\000i\000r\000e\000d\000\040\000F\000l\000i\000g\000h\000t\000\040\000L\000o\000g\000s}{section.5.10}% 77
\BOOKMARK [2][-]{subsection.5.10.2}{\376\377\000R\000e\000c\000o\000m\000m\000e\000n\000d\000e\000d\000\040\000T\000e\000l\000e\000m\000e\000t\000r\000y\000\040\000C\000a\000p\000t\000u\000r\000e}{section.5.10}% 78
\BOOKMARK [2][-]{subsection.5.10.3}{\376\377\000R\000e\000c\000o\000r\000d\000\040\000R\000e\000t\000e\000n\000t\000i\000o\000n}{section.5.10}% 79
\BOOKMARK [2][-]{subsection.5.10.4}{\376\377\000I\000n\000c\000i\000d\000e\000n\000t\000\040\000D\000o\000c\000u\000m\000e\000n\000t\000a\000t\000i\000o\000n}{section.5.10}% 80
\BOOKMARK [0][-]{chapter.6}{\376\377\000M\000a\000i\000n\000t\000e\000n\000a\000n\000c\000e\000\040\000a\000n\000d\000\040\000L\000o\000g\000i\000s\000t\000i\000c\000s}{}% 81
\BOOKMARK [1][-]{section.6.1}{\376\377\000M\000a\000i\000n\000t\000e\000n\000a\000n\000c\000e\000\040\000O\000v\000e\000r\000v\000i\000e\000w}{chapter.6}% 82
\BOOKMARK [1][-]{section.6.2}{\376\377\000M\000a\000i\000n\000t\000e\000n\000a\000n\000c\000e\000\040\000S\000c\000h\000e\000d\000u\000l\000e}{chapter.6}% 83
\BOOKMARK [1][-]{section.6.3}{\376\377\000B\000a\000t\000t\000e\000r\000y\000\040\000M\000a\000n\000a\000g\000e\000m\000e\000n\000t\000\040\000P\000r\000o\000t\000o\000c\000o\000l}{chapter.6}% 84
\BOOKMARK [1][-]{section.6.4}{\376\377\000S\000o\000f\000t\000w\000a\000r\000e\000\040\000a\000n\000d\000\040\000F\000i\000r\000m\000w\000a\000r\000e\000\040\000U\000p\000d\000a\000t\000e\000\040\000P\000r\000o\000c\000e\000d\000u\000r\000e\000s}{chapter.6}% 85
\BOOKMARK [1][-]{section.6.5}{\376\377\000S\000u\000p\000p\000l\000y\000\040\000a\000n\000d\000\040\000S\000p\000a\000r\000e\000\040\000P\000a\000r\000t\000s\000\040\000M\000a\000n\000a\000g\000e\000m\000e\000n\000t}{chapter.6}% 86
\BOOKMARK [1][-]{section.6.6}{\376\377\000M\000a\000i\000n\000t\000e\000n\000a\000n\000c\000e\000\040\000D\000o\000c\000u\000m\000e\000n\000t\000a\000t\000i\000o\000n}{chapter.6}% 87
\BOOKMARK [0][-]{chapter.7}{\376\377\000S\000a\000f\000e\000t\000y\000\040\000a\000n\000d\000\040\000E\000m\000e\000r\000g\000e\000n\000c\000y\000\040\000P\000r\000o\000c\000e\000d\000u\000r\000e\000s}{}% 88
\BOOKMARK [1][-]{section.7.1}{\376\377\000R\000i\000s\000k\000\040\000M\000a\000n\000a\000g\000e\000m\000e\000n\000t}{chapter.7}% 89
\BOOKMARK [2][-]{subsection.7.1.1}{\376\377\000C\000o\000n\000t\000r\000o\000l\000l\000i\000n\000g\000\040\000D\000o\000c\000t\000r\000i\000n\000e}{section.7.1}% 90
\BOOKMARK [2][-]{subsection.7.1.2}{\376\377\000R\000i\000s\000k\000\040\000A\000c\000c\000e\000p\000t\000a\000n\000c\000e\000\040\000A\000u\000t\000h\000o\000r\000i\000t\000y}{section.7.1}% 91
\BOOKMARK [2][-]{subsection.7.1.3}{\376\377\000R\000i\000s\000k\000\040\000o\000f\000\040\000T\000r\000a\000i\000n\000i\000n\000g\000\040\000F\000l\000i\000g\000h\000t\000s}{section.7.1}% 92
\BOOKMARK [2][-]{subsection.7.1.4}{\376\377\000R\000i\000s\000k\000\040\000o\000f\000\040\000A\000l\000l\000\040\000O\000t\000h\000e\000r\000\040\000F\000l\000i\000g\000h\000t\000s}{section.7.1}% 93
\BOOKMARK [1][-]{section.7.2}{\376\377\000G\000e\000n\000e\000r\000a\000l\000\040\000E\000m\000e\000r\000g\000e\000n\000c\000y\000\040\000P\000r\000o\000c\000e\000d\000u\000r\000e\000s}{chapter.7}% 94
\BOOKMARK [1][-]{section.7.3}{\376\377\000S\000p\000e\000c\000i\000f\000i\000c\000\040\000E\000m\000e\000r\000g\000e\000n\000c\000y\000\040\000P\000r\000o\000c\000e\000d\000u\000r\000e\000s}{chapter.7}% 95
\BOOKMARK [2][-]{subsection.7.3.1}{\376\377\000L\000o\000s\000t\000\040\000C\000o\000m\000m\000u\000n\000i\000c\000a\000t\000i\000o\000n\000\040\000\050\000L\000o\000s\000t\000\040\000L\000i\000n\000k\000\051}{section.7.3}% 96
\BOOKMARK [2][-]{subsection.7.3.2}{\376\377\000G\000P\000S\000\040\000/\000\040\000N\000a\000v\000i\000g\000a\000t\000i\000o\000n\000\040\000F\000a\000i\000l\000u\000r\000e}{section.7.3}% 97
\BOOKMARK [2][-]{subsection.7.3.3}{\376\377\000I\000n\000t\000r\000u\000s\000i\000o\000n\000\040\000o\000f\000\040\000L\000o\000c\000a\000l\000\040\000A\000i\000r\000s\000p\000a\000c\000e}{section.7.3}% 98
\BOOKMARK [2][-]{subsection.7.3.4}{\376\377\000G\000r\000o\000u\000n\000d\000\040\000R\000i\000s\000k\000\040\000I\000n\000c\000u\000r\000s\000i\000o\000n}{section.7.3}% 99
\BOOKMARK [2][-]{subsection.7.3.5}{\376\377\000U\000n\000s\000a\000f\000e\000\040\000W\000e\000a\000t\000h\000e\000r\000\040\000/\000\040\000K\000n\000o\000c\000k\000-\000i\000t\000-\000O\000f\000f}{section.7.3}% 100
\BOOKMARK [2][-]{subsection.7.3.6}{\376\377\000L\000o\000w\000\040\000B\000a\000t\000t\000e\000r\000y\000\040\000E\000m\000e\000r\000g\000e\000n\000c\000y\000\040\000L\000a\000n\000d\000i\000n\000g}{section.7.3}% 101
\BOOKMARK [1][-]{section.7.4}{\376\377\000A\000c\000c\000i\000d\000e\000n\000t\000/\000I\000n\000c\000i\000d\000e\000n\000t\000\040\000R\000e\000p\000o\000r\000t\000i\000n\000g}{chapter.7}% 102
\BOOKMARK [0][-]{appendix.1.A}{\376\377\000A\000p\000p\000e\000n\000d\000i\000x\000\040\000R\000e\000g\000u\000l\000a\000t\000o\000r\000y\000\040\000F\000r\000a\000m\000e\000w\000o\000r\000k\000\040\000a\000n\000d\000\040\000R\000e\000f\000e\000r\000e\000n\000c\000e\000s}{}% 103
\BOOKMARK [1][-]{section.1.A.1}{\376\377\000F\000A\000A\000\040\000R\000e\000g\000u\000l\000a\000t\000i\000o\000n\000s\000\040\000a\000n\000d\000\040\000G\000u\000i\000d\000a\000n\000c\000e}{appendix.1.A}% 104
\BOOKMARK [1][-]{section.1.A.2}{\376\377\000J\000o\000i\000n\000t\000\040\000F\000A\000A\000\040\000a\000n\000d\000\040\000D\000o\000D\000\040\000R\000e\000g\000u\000l\000a\000t\000i\000o\000n\000s\000\040\000a\000n\000d\000\040\000G\000u\000i\000d\000a\000n\000c\000e}{appendix.1.A}% 105
\BOOKMARK [1][-]{section.1.A.3}{\376\377\000D\000o\000D\000\040\000a\000n\000d\000\040\000A\000r\000m\000y\000\040\000R\000e\000g\000u\000l\000a\000t\000i\000o\000n\000s\000\040\000a\000n\000d\000\040\000G\000u\000i\000d\000a\000n\000c\000e}{appendix.1.A}% 106
\BOOKMARK [1][-]{section.1.A.4}{\376\377\000L\000o\000c\000a\000l\000\040\000R\000e\000g\000u\000l\000a\000t\000i\000o\000n\000s\000\040\000a\000n\000d\000\040\000G\000u\000i\000d\000a\000n\000c\000e}{appendix.1.A}% 107
\BOOKMARK [0][-]{appendix.1.B}{\376\377\000A\000p\000p\000e\000n\000d\000i\000x\000\040\000C\000h\000e\000c\000k\000l\000i\000s\000t\000s}{}% 108
\BOOKMARK [1][-]{section.1.B.1}{\376\377\000P\000r\000e\000-\000F\000l\000i\000g\000h\000t\000\040\000C\000h\000e\000c\000k\000l\000i\000s\000t}{appendix.1.B}% 109
\BOOKMARK [1][-]{section.1.B.2}{\376\377\000P\000o\000s\000t\000-\000F\000l\000i\000g\000h\000t\000\040\000C\000h\000e\000c\000k\000l\000i\000s\000t}{appendix.1.B}% 110
\BOOKMARK [1][-]{section.1.B.3}{\376\377\000E\000m\000e\000r\000g\000e\000n\000c\000y\000\040\000P\000r\000o\000c\000e\000d\000u\000r\000e\000s\000\040\000C\000h\000e\000c\000k\000l\000i\000s\000t}{appendix.1.B}% 111
\BOOKMARK [0][-]{appendix.1.C}{\376\377\000A\000p\000p\000e\000n\000d\000i\000x\000\040\000R\000e\000q\000u\000i\000r\000e\000d\000\040\000F\000o\000r\000m\000s}{}% 112
\BOOKMARK [1][-]{section.1.C.1}{\376\377\000P\000r\000e\000-\000F\000l\000i\000g\000h\000t\000\040\000I\000n\000s\000p\000e\000c\000t\000i\000o\000n\000\040\000F\000o\000r\000m}{appendix.1.C}% 113
\BOOKMARK [1][-]{section.1.C.2}{\376\377\000F\000l\000i\000g\000h\000t\000\040\000L\000o\000g\000\040\000F\000o\000r\000m}{appendix.1.C}% 114
\BOOKMARK [1][-]{section.1.C.3}{\376\377\000M\000a\000i\000n\000t\000e\000n\000a\000n\000c\000e\000\040\000L\000o\000g\000\040\000F\000o\000r\000m}{appendix.1.C}% 115
\BOOKMARK [1][-]{section.1.C.4}{\376\377\000I\000n\000c\000i\000d\000e\000n\000t\000\040\000R\000e\000p\000o\000r\000t\000\040\000F\000o\000r\000m}{appendix.1.C}% 116
\BOOKMARK [0][-]{appendix.1.D}{\376\377\000A\000p\000p\000e\000n\000d\000i\000x\000\040\000W\000e\000s\000t\000\040\000P\000o\000i\000n\000t\000\040\000A\000i\000r\000s\000p\000a\000c\000e\000\040\000A\000p\000p\000r\000o\000v\000a\000l}{}% 117
\BOOKMARK [1][-]{section.1.D.1}{\376\377\000A\000i\000r\000s\000p\000a\000c\000e\000\040\000A\000c\000c\000e\000s\000s\000\040\000R\000e\000q\000u\000e\000s\000t}{appendix.1.D}% 118
\BOOKMARK [1][-]{section.1.D.2}{\376\377\000A\000i\000r\000s\000p\000a\000c\000e\000\040\000A\000c\000c\000e\000s\000s\000\040\000A\000p\000p\000r\000o\000v\000a\000l}{appendix.1.D}% 119
\BOOKMARK [0][-]{appendix.1.E}{\376\377\000A\000p\000p\000e\000n\000d\000i\000x\000\040\000A\000p\000p\000r\000o\000v\000e\000d\000\040\000U\000A\000S\000\040\000C\000h\000a\000r\000a\000c\000t\000e\000r\000i\000s\000t\000i\000c\000s}{}% 120
\BOOKMARK [1][-]{section.1.E.1}{\376\377\000A\000i\000r\000f\000r\000a\000m\000e\000s\000\040\000a\000p\000p\000r\000o\000v\000e\000d\000\040\000f\000o\000r\000\040\000V\000L\000O\000S\000\040\000o\000p\000e\000r\000a\000t\000i\000o\000n\000s}{appendix.1.E}% 121
\BOOKMARK [1][-]{section.1.E.2}{\376\377\000A\000i\000r\000f\000r\000a\000m\000e\000s\000\040\000a\000p\000p\000r\000o\000v\000e\000d\000\040\000f\000o\000r\000\040\000B\000V\000L\000O\000S\000\040\000o\000p\000e\000r\000a\000t\000i\000o\000n\000s}{appendix.1.E}% 122
\BOOKMARK [0][-]{section.1.E.2}{\376\377\000G\000l\000o\000s\000s\000a\000r\000y}{}% 123
